Starting new optimization
Generated population of size 50
Generation 0: f_best -3.82e+01, f_av -2.28e+13, Sigma_cv 8.37e+00, gt_best: 229|553|371|474|1522|564|1100|101|271|'true'|'true'
Generation 1: f_best -3.82e+01, f_av -1.48e+13, Sigma_cv 7.56e+00, gt_best: 229|553|371|474|1522|564|1100|101|271|'true'|'true'
Generation 2: f_best -3.63e-02, f_av -2.48e+07, Sigma_cv 7.04e+00, gt_best: 46|488|54|308|987|573|867|62|271|'true'|'false'
Generation 3: f_best -3.63e-02, f_av -1.88e+05, Sigma_cv 6.11e+00, gt_best: 46|488|54|308|987|573|867|62|271|'true'|'false'
Generation 4: f_best -3.63e-02, f_av -9.22e+08, Sigma_cv 5.79e+00, gt_best: 46|488|54|308|987|573|867|62|271|'true'|'false'
Generation 5: f_best -4.75e-03, f_av -1.81e+04, Sigma_cv 5.95e+00, gt_best: 194|553|371|305|1417|573|867|62|271|'true'|'false'
Generation 6: f_best 2.01e-04, f_av -1.88e+05, Sigma_cv 5.89e+00, gt_best: 711|488|54|308|987|1619|867|62|271|'true'|'true'
Generation 7: f_best 2.01e-04, f_av -1.18e+03, Sigma_cv 6.08e+00, gt_best: 711|488|54|308|987|1619|867|62|271|'true'|'true'
Generation 8: f_best 2.01e-04, f_av -4.43e+05, Sigma_cv 6.26e+00, gt_best: 711|488|54|308|987|1619|867|62|271|'true'|'true'
Generation 9: f_best 7.39e-04, f_av -8.19e+02, Sigma_cv 4.35e+00, gt_best: 732|553|54|308|999|1528|867|62|114|'true'|'false'
Generation 10: f_best 7.39e-04, f_av -1.79e+07, Sigma_cv 4.98e+00, gt_best: 732|553|54|308|999|1528|867|62|114|'true'|'false'
Generation 11: f_best 7.39e-04, f_av -6.47e+01, Sigma_cv 4.57e+00, gt_best: 732|553|54|308|999|1528|867|62|114|'true'|'false'
Generation 12: f_best 7.39e-04, f_av -3.97e+07, Sigma_cv 5.25e+00, gt_best: 732|553|54|308|999|1528|867|62|114|'true'|'false'
Generation 13: f_best 7.39e-04, f_av -2.16e+02, Sigma_cv 4.48e+00, gt_best: 732|553|54|308|999|1528|867|62|114|'true'|'false'
Generation 14: f_best 7.39e-04, f_av -4.44e+03, Sigma_cv 4.59e+00, gt_best: 732|553|54|308|999|1528|867|62|114|'true'|'false'
Generation 15: f_best 7.39e-04, f_av -4.79e+02, Sigma_cv 4.15e+00, gt_best: 732|553|54|308|999|1528|867|62|114|'true'|'false'
Generation 16: f_best 7.39e-04, f_av -6.29e+05, Sigma_cv 4.36e+00, gt_best: 732|553|54|308|999|1528|867|62|114|'true'|'false'
Generation 17: f_best 7.39e-04, f_av -1.31e+02, Sigma_cv 4.82e+00, gt_best: 732|553|54|308|999|1528|867|62|114|'true'|'false'
Generation 18: f_best 8.86e-04, f_av -3.51e+02, Sigma_cv 4.09e+00, gt_best: 329|553|371|341|999|1528|867|62|1093|'true'|'false'
Generation 19: f_best 8.86e-04, f_av -6.65e+01, Sigma_cv 4.47e+00, gt_best: 329|553|371|341|999|1528|867|62|1093|'true'|'false'
Generation 20: f_best 8.86e-04, f_av -2.18e+04, Sigma_cv 4.42e+00, gt_best: 329|553|371|341|999|1528|867|62|1093|'true'|'false'
Generation 21: f_best 1.02e-03, f_av -6.47e+02, Sigma_cv 4.76e+00, gt_best: 711|553|258|484|999|1528|782|62|1093|'true'|'false'
Generation 22: f_best 1.16e-03, f_av -2.93e+02, Sigma_cv 4.20e+00, gt_best: 711|553|258|484|999|1528|782|62|913|'true'|'false'
Generation 23: f_best 1.16e-03, f_av -1.98e+02, Sigma_cv 4.38e+00, gt_best: 711|553|258|484|999|1528|782|62|913|'true'|'false'
Generation 24: f_best 1.16e-03, f_av -3.81e+01, Sigma_cv 5.29e+00, gt_best: 711|553|258|484|999|1528|782|62|913|'true'|'false'
Generation 25: f_best 1.16e-03, f_av -7.95e+03, Sigma_cv 9.19e+00, gt_best: 711|553|258|484|999|1528|782|62|913|'true'|'false'
Generation 26: f_best 1.16e-03, f_av -1.04e+01, Sigma_cv 8.83e+00, gt_best: 711|553|258|484|999|1528|782|62|913|'true'|'false'
Generation 27: f_best 1.22e-03, f_av -3.89e+03, Sigma_cv 6.32e+00, gt_best: 672|553|280|484|813|1528|782|62|1093|'true'|'false'
Generation 28: f_best 1.22e-03, f_av -4.25e+02, Sigma_cv 4.22e+00, gt_best: 672|553|280|484|813|1528|782|62|1093|'true'|'false'
Generation 29: f_best 1.22e-03, f_av -2.23e+01, Sigma_cv 6.30e+00, gt_best: 672|553|280|484|813|1528|782|62|1093|'true'|'false'
Generation 30: f_best 1.22e-03, f_av -1.48e+01, Sigma_cv 6.09e+00, gt_best: 672|553|280|484|813|1528|782|62|1093|'true'|'false'
Generation 31: f_best 1.42e-03, f_av -1.36e+04, Sigma_cv 8.05e+00, gt_best: 711|553|258|484|999|1528|867|62|944|'true'|'false'
Generation 32: f_best 2.42e-03, f_av -6.13e+03, Sigma_cv 6.04e+00, gt_best: 711|450|258|484|1053|1528|812|62|1055|'false'|'false'
Generation 33: f_best 2.42e-03, f_av -6.99e+03, Sigma_cv 4.66e+00, gt_best: 711|450|258|484|1053|1528|812|62|1055|'false'|'false'
Generation 34: f_best 2.42e-03, f_av -1.88e+05, Sigma_cv inf, gt_best: 711|450|258|484|1053|1528|812|62|1055|'false'|'false'
Generation 35: f_best 2.42e-03, f_av -2.13e+04, Sigma_cv 5.14e+00, gt_best: 711|450|258|484|1053|1528|812|62|1055|'false'|'false'
Generation 36: f_best 2.42e-03, f_av -3.02e+04, Sigma_cv 4.38e+00, gt_best: 711|450|258|484|1053|1528|812|62|1055|'false'|'false'
Generation 37: f_best 2.42e-03, f_av -5.98e+04, Sigma_cv 5.50e+00, gt_best: 711|450|258|484|1053|1528|812|62|1055|'false'|'false'
Generation 38: f_best 2.42e-03, f_av -1.68e+04, Sigma_cv 4.14e+00, gt_best: 711|450|258|484|1053|1528|812|62|1055|'false'|'false'
Generation 39: f_best 2.42e-03, f_av -6.86e+04, Sigma_cv 5.44e+00, gt_best: 711|450|258|484|1053|1528|812|62|1055|'false'|'false'
