Starting new optimization
Generated population of size 50
Generation 0: f_best -3.57e+01, f_av -3.15e+12, Sigma_cv 8.74e+00, gt_best: 436|809|2026|401|183|371|1152|330|303|'true'|'false'
Generation 1: f_best -5.63e+00, f_av -4.73e+12, Sigma_cv 7.07e+00, gt_best: 436|809|2026|540|235|371|1152|330|303|'true'|'false'
Generation 2: f_best -5.63e+00, f_av -1.40e+09, Sigma_cv 8.51e+00, gt_best: 436|809|2026|540|235|371|1152|330|303|'true'|'false'
Generation 3: f_best -1.00e-01, f_av -9.45e+08, Sigma_cv inf, gt_best: 866|809|1529|540|564|371|1152|330|303|'true'|'false'
Generation 4: f_best -1.00e-01, f_av -1.13e+06, Sigma_cv inf, gt_best: 866|809|1529|540|564|371|1152|330|303|'true'|'false'
Generation 5: f_best -9.33e-02, f_av -9.01e+04, Sigma_cv inf, gt_best: 866|809|2018|540|409|1577|1152|305|238|'true'|'false'
Generation 6: f_best -3.30e-03, f_av -3.30e+06, Sigma_cv 4.89e+00, gt_best: 866|809|2018|540|409|1577|1225|330|353|'true'|'false'
Generation 7: f_best -3.30e-03, f_av -5.48e+05, Sigma_cv 6.34e+00, gt_best: 866|809|2018|540|409|1577|1225|330|353|'true'|'false'
Generation 8: f_best -3.30e-03, f_av -1.84e+06, Sigma_cv 6.37e+00, gt_best: 866|809|2018|540|409|1577|1225|330|353|'true'|'false'
Generation 9: f_best 1.65e-04, f_av -3.67e+06, Sigma_cv 6.37e+00, gt_best: 866|809|2109|540|482|473|1269|305|303|'true'|'false'
Generation 10: f_best 1.65e-04, f_av -1.17e+06, Sigma_cv 6.09e+00, gt_best: 866|809|2109|540|482|473|1269|305|303|'true'|'false'
Generation 11: f_best 1.65e-04, f_av -3.20e+06, Sigma_cv 4.53e+00, gt_best: 866|809|2109|540|482|473|1269|305|303|'true'|'false'
Generation 12: f_best 1.65e-04, f_av -1.02e+01, Sigma_cv 8.18e+00, gt_best: 866|809|2109|540|482|473|1269|305|303|'true'|'false'
Generation 13: f_best 1.65e-04, f_av -1.71e+06, Sigma_cv 8.31e+00, gt_best: 866|809|2109|540|482|473|1269|305|303|'true'|'false'
Generation 14: f_best 1.65e-04, f_av -2.91e+06, Sigma_cv 8.35e+00, gt_best: 866|809|2109|540|482|473|1269|305|303|'true'|'false'
Generation 15: f_best 1.65e-04, f_av -4.87e+05, Sigma_cv 5.96e+00, gt_best: 866|809|2109|540|482|473|1269|305|303|'true'|'false'
Generation 16: f_best 1.65e-04, f_av -2.88e+05, Sigma_cv 8.30e+00, gt_best: 866|809|2109|540|482|473|1269|305|303|'true'|'false'
Generation 17: f_best 1.65e-04, f_av -4.30e+05, Sigma_cv 8.30e+00, gt_best: 866|809|2109|540|482|473|1269|305|303|'true'|'false'
Generation 18: f_best 1.65e-04, f_av -5.92e+05, Sigma_cv 5.26e+00, gt_best: 866|809|2109|540|482|473|1269|305|303|'true'|'false'
Generation 19: f_best 1.65e-04, f_av -5.21e+05, Sigma_cv 8.27e+00, gt_best: 866|809|2109|540|482|473|1269|305|303|'true'|'false'
Generation 20: f_best 1.65e-04, f_av -6.06e+00, Sigma_cv 5.93e+00, gt_best: 866|809|2109|540|482|473|1269|305|303|'true'|'false'
Generation 21: f_best 1.65e-04, f_av -2.09e+05, Sigma_cv 8.30e+00, gt_best: 866|809|2109|540|482|473|1269|305|303|'true'|'false'
Generation 22: f_best 1.65e-04, f_av -1.35e+05, Sigma_cv 5.12e+00, gt_best: 866|809|2109|540|482|473|1269|305|303|'true'|'false'
Generation 23: f_best 1.65e-04, f_av -1.45e+06, Sigma_cv 6.26e+00, gt_best: 866|809|2109|540|482|473|1269|305|303|'true'|'false'
Generation 24: f_best 1.65e-04, f_av -7.76e+04, Sigma_cv 5.26e+00, gt_best: 866|809|2109|540|482|473|1269|305|303|'true'|'false'
Generation 25: f_best 1.65e-04, f_av -4.29e+05, Sigma_cv 4.77e+00, gt_best: 866|809|2109|540|482|473|1269|305|303|'true'|'false'
Generation 26: f_best 1.65e-04, f_av -1.98e+05, Sigma_cv 8.22e+00, gt_best: 866|809|2109|540|482|473|1269|305|303|'true'|'false'
Generation 27: f_best 1.65e-04, f_av -2.32e+05, Sigma_cv 4.34e+00, gt_best: 866|809|2109|540|482|473|1269|305|303|'true'|'false'
Generation 28: f_best 1.65e-04, f_av -4.00e+05, Sigma_cv 8.17e+00, gt_best: 866|809|2109|540|482|473|1269|305|303|'true'|'false'
Generation 29: f_best 1.65e-04, f_av -1.32e+05, Sigma_cv inf, gt_best: 866|809|2109|540|482|473|1269|305|303|'true'|'false'
Generation 30: f_best 1.65e-04, f_av -1.91e+04, Sigma_cv 8.25e+00, gt_best: 866|809|2109|540|482|473|1269|305|303|'true'|'false'
Generation 31: f_best 1.65e-04, f_av -2.73e+04, Sigma_cv inf, gt_best: 866|809|2109|540|482|473|1269|305|303|'true'|'false'
Generation 32: f_best 1.65e-04, f_av -1.62e+05, Sigma_cv 6.15e+00, gt_best: 866|809|2109|540|482|473|1269|305|303|'true'|'false'
Generation 33: f_best 1.65e-04, f_av -4.12e+00, Sigma_cv 5.01e+00, gt_best: 866|809|2109|540|482|473|1269|305|303|'true'|'false'
Generation 34: f_best 2.59e-04, f_av -3.73e+04, Sigma_cv 5.32e+00, gt_best: 866|592|2018|540|409|525|1320|330|303|'true'|'false'
Generation 35: f_best 2.59e-04, f_av -1.75e+03, Sigma_cv 8.49e+00, gt_best: 866|592|2018|540|409|525|1320|330|303|'true'|'false'
Generation 36: f_best 5.23e-04, f_av -6.35e+06, Sigma_cv inf, gt_best: 866|592|2094|540|564|525|1271|204|339|'true'|'false'
Generation 37: f_best 5.23e-04, f_av -3.74e+04, Sigma_cv 8.09e+00, gt_best: 866|592|2094|540|564|525|1271|204|339|'true'|'false'
Generation 38: f_best 5.34e-04, f_av -1.93e+03, Sigma_cv 6.07e+00, gt_best: 866|592|2094|540|564|525|1271|103|339|'true'|'false'
Generation 39: f_best 5.51e-04, f_av -3.01e+03, Sigma_cv 4.46e+00, gt_best: 859|592|2109|540|482|525|1184|134|339|'true'|'false'
